-------------------------------------------------------------------------------
Test set: com.github.jrtb.javarushtelegrambot.command.CommandContainerTest
-------------------------------------------------------------------------------
Tests run: 2, Failures: 1, Errors: 0, Skipped: 0, Time elapsed: 0.329 s <<< FAILURE! - in com.github.jrtb.javarushtelegrambot.command.CommandContainerTest
shouldGetAllTheExistingCommands  Time elapsed: 0.326 s  <<< FAILURE!
org.opentest4j.AssertionFailedError: expected: not equal but was: <class com.github.jrtb.javarushtelegrambot.command.UnknownCommand>
	at com.github.jrtb.javarushtelegrambot.command.CommandContainerTest.lambda$shouldGetAllTheExistingCommands$0(CommandContainerTest.java:41)
	at com.github.jrtb.javarushtelegrambot.command.CommandContainerTest.shouldGetAllTheExistingCommands(CommandContainerTest.java:39)

